<?xml version="1.0" encoding="UTF-8"?>
<!-- Generated by org.testng.reporters.JUnitReportReporter -->
<testsuite hostname="ojas-dd697" failures="0" tests="1" name="PageObjects.Snippet" time="9.578" errors="0" timestamp="2024-06-20T13:58:14 IST" skipped="0">
  <testcase classname="PageObjects.Snippet" name="print" time="9.578"/>
</testsuite> <!-- PageObjects.Snippet -->
