<?xml version="1.0" encoding="UTF-8"?>
<!-- Generated by org.testng.reporters.JUnitReportReporter -->
<testsuite hostname="ojas-dd697" failures="0" tests="4" name="Day1.Rest_HTTP_Request" time="3.480" errors="0" timestamp="2024-05-03T17:27:41 IST" skipped="0">
  <testcase classname="Day1.Rest_HTTP_Request" name="getusers" time="1.785"/>
  <testcase classname="Day1.Rest_HTTP_Request" name="CreateUser" time="0.723"/>
  <testcase classname="Day1.Rest_HTTP_Request" name="updateUser" time="0.506"/>
  <testcase classname="Day1.Rest_HTTP_Request" name="deleteuser" time="0.466"/>
</testsuite> <!-- Day1.Rest_HTTP_Request -->
