<?xml version="1.0" encoding="UTF-8"?>
<!-- Generated by org.testng.reporters.JUnitReportReporter -->
<testsuite hostname="ojas-dd697" failures="0" tests="1" name="pageObjects.demo" time="31.886" errors="1" timestamp="2024-06-14T11:37:54 IST" skipped="0">
  <testcase classname="pageObjects.demo" name="app" time="31.886">
    <error message="Could not start a new session. Response code 500. Message: An unknown server-side error occurred while processing the command. Original error: Cannot start the &#039;com.ojas.trafficsudharo&#039; application. Consider checking the driver&#039;s troubleshooting documentation. Original error: &#039;com.ojas.trafficsudharo.views.SplashActivity&#039; or &#039;com.ojas.trafficsudharo.com.ojas.trafficsudharo.views.SplashActivity&#039; never started. Consider checking the driver&#039;s troubleshooting documentation. 
Host info: host: &#039;OJAS-DD697&#039;, ip: &#039;192.168.6.61&#039;
Build info: version: &#039;4.21.0&#039;, revision: &#039;79ed462ef4&#039;
System info: os.name: &#039;Windows 10&#039;, os.arch: &#039;amd64&#039;, os.version: &#039;10.0&#039;, java.version: &#039;21.0.1&#039;
Driver info: io.appium.java_client.android.AndroidDriver
Command: [null, newSession {capabilities=[{appium:deviceName=Traffic, platformName=ANDROID, appium:automationName=UIAutomator2, appium:app=C:\Users\nm22220\Downloads\app-debug 13.apk}], desiredCapabilities=Capabilities {appium:app: C:\Users\nm22220\Downloads\..., appium:automationName: UIAutomator2, appium:deviceName: Traffic, platformName: ANDROID}}]
Capabilities {appium:app: C:\Users\nm22220\Downloads\..., appium:automationName: UIAutomator2, appium:deviceName: Traffic, platformName: ANDROID}" type="org.openqa.selenium.SessionNotCreatedException">
      <![CDATA[org.openqa.selenium.SessionNotCreatedException: Could not start a new session. Response code 500. Message: An unknown server-side error occurred while processing the command. Original error: Cannot start the 'com.ojas.trafficsudharo' application. Consider checking the driver's troubleshooting documentation. Original error: 'com.ojas.trafficsudharo.views.SplashActivity' or 'com.ojas.trafficsudharo.com.ojas.trafficsudharo.views.SplashActivity' never started. Consider checking the driver's troubleshooting documentation. 
Host info: host: 'OJAS-DD697', ip: '192.168.6.61'
Build info: version: '4.21.0', revision: '79ed462ef4'
System info: os.name: 'Windows 10', os.arch: 'amd64', os.version: '10.0', java.version: '21.0.1'
Driver info: io.appium.java_client.android.AndroidDriver
Command: [null, newSession {capabilities=[{appium:deviceName=Traffic, platformName=ANDROID, appium:automationName=UIAutomator2, appium:app=C:\Users\nm22220\Downloads\app-debug 13.apk}], desiredCapabilities=Capabilities {appium:app: C:\Users\nm22220\Downloads\..., appium:automationName: UIAutomator2, appium:deviceName: Traffic, platformName: ANDROID}}]
Capabilities {appium:app: C:\Users\nm22220\Downloads\..., appium:automationName: UIAutomator2, appium:deviceName: Traffic, platformName: ANDROID}
at org.openqa.selenium.remote.ProtocolHandshake.createSession(ProtocolHandshake.java:140)
at java.base/jdk.internal.reflect.DirectMethodHandleAccessor.invoke(DirectMethodHandleAccessor.java:103)
at java.base/java.lang.reflect.Method.invoke(Method.java:580)
at io.appium.java_client.remote.AppiumProtocolHandshake.createSession(AppiumProtocolHandshake.java:133)
at io.appium.java_client.remote.AppiumProtocolHandshake.createSession(AppiumProtocolHandshake.java:102)
at io.appium.java_client.remote.AppiumCommandExecutor.createSession(AppiumCommandExecutor.java:194)
at io.appium.java_client.remote.AppiumCommandExecutor.execute(AppiumCommandExecutor.java:262)
at org.openqa.selenium.remote.RemoteWebDriver.execute(RemoteWebDriver.java:602)
at io.appium.java_client.AppiumDriver.startSession(AppiumDriver.java:229)
at org.openqa.selenium.remote.RemoteWebDriver.<init>(RemoteWebDriver.java:163)
at io.appium.java_client.AppiumDriver.<init>(AppiumDriver.java:80)
at io.appium.java_client.AppiumDriver.<init>(AppiumDriver.java:92)
at io.appium.java_client.android.AndroidDriver.<init>(AndroidDriver.java:117)
at pageObjects.demo.app(demo.java:20)
at java.base/jdk.internal.reflect.DirectMethodHandleAccessor.invoke(DirectMethodHandleAccessor.java:103)
at java.base/java.lang.reflect.Method.invoke(Method.java:580)
at org.testng.internal.MethodInvocationHelper.invokeMethod(MethodInvocationHelper.java:133)
at org.testng.internal.TestInvoker.invokeMethod(TestInvoker.java:598)
at org.testng.internal.TestInvoker.invokeTestMethod(TestInvoker.java:173)
at org.testng.internal.MethodRunner.runInSequence(MethodRunner.java:46)
at org.testng.internal.TestInvoker$MethodInvocationAgent.invoke(TestInvoker.java:824)
at org.testng.internal.TestInvoker.invokeTestMethods(TestInvoker.java:146)
at org.testng.internal.TestMethodWorker.invokeTestMethods(TestMethodWorker.java:146)
at org.testng.internal.TestMethodWorker.run(TestMethodWorker.java:128)
at java.base/java.util.ArrayList.forEach(ArrayList.java:1596)
at org.testng.TestRunner.privateRun(TestRunner.java:794)
at org.testng.TestRunner.run(TestRunner.java:596)
at org.testng.SuiteRunner.runTest(SuiteRunner.java:377)
at org.testng.SuiteRunner.runSequentially(SuiteRunner.java:371)
at org.testng.SuiteRunner.privateRun(SuiteRunner.java:332)
at org.testng.SuiteRunner.run(SuiteRunner.java:276)
at org.testng.SuiteRunnerWorker.runSuite(SuiteRunnerWorker.java:53)
at org.testng.SuiteRunnerWorker.run(SuiteRunnerWorker.java:96)
at org.testng.TestNG.runSuitesSequentially(TestNG.java:1212)
at org.testng.TestNG.runSuitesLocally(TestNG.java:1134)
at org.testng.TestNG.runSuites(TestNG.java:1063)
at org.testng.TestNG.run(TestNG.java:1031)
at org.testng.remote.AbstractRemoteTestNG.run(AbstractRemoteTestNG.java:115)
at org.testng.remote.RemoteTestNG.initAndRun(RemoteTestNG.java:251)
at org.testng.remote.RemoteTestNG.main(RemoteTestNG.java:77)
]]>
    </error>
  </testcase> <!-- app -->
  <system-out/>
</testsuite> <!-- pageObjects.demo -->
