<?xml version="1.0" encoding="UTF-8"?>
<!-- Generated by org.testng.reporters.JUnitReportReporter -->
<testsuite hostname="ojas-dd697" failures="0" tests="1" name="Screen.Screenshot" time="6.101" errors="0" timestamp="2024-05-09T09:58:28 IST" skipped="0">
  <testcase classname="Screen.Screenshot" name="fullscreen" time="6.101"/>
</testsuite> <!-- Screen.Screenshot -->
