<?xml version="1.0" encoding="UTF-8"?>
<!-- Generated by org.testng.reporters.JUnitReportReporter -->
<testsuite hostname="ojas-dd697" failures="0" tests="2" name="PageObject.Assertions" time="0.005" errors="0" timestamp="2024-03-20T17:19:52 IST" skipped="0">
  <testcase classname="PageObject.Assertions" name="test" time="0.004"/>
  <testcase classname="PageObject.Assertions" name="test1" time="0.001"/>
</testsuite> <!-- PageObject.Assertions -->
