<?xml version="1.0" encoding="UTF-8"?>
<!-- Generated by org.testng.reporters.JUnitReportReporter -->
<testsuite hostname="ojas-dd697" failures="0" tests="1" name="Screen.Screenshot1" time="15.289" errors="0" timestamp="2024-05-27T18:55:15 IST" skipped="0">
  <testcase classname="Screen.Screenshot1" name="fullscreen" time="15.289"/>
</testsuite> <!-- Screen.Screenshot1 -->
