<?xml version="1.0" encoding="UTF-8"?>
<!-- Generated by org.testng.reporters.JUnitReportReporter -->
<testsuite hostname="ojas-dd697" failures="0" tests="1" name="Screen.Screensho" time="4.439" errors="0" timestamp="2024-05-27T19:12:38 IST" skipped="0">
  <testcase classname="Screen.Screensho" name="fullscreen" time="4.439"/>
</testsuite> <!-- Screen.Screensho -->
