<?xml version="1.0" encoding="UTF-8"?>
<!-- Generated by org.testng.reporters.JUnitReportReporter -->
<testsuite hostname="ojas-dd697" failures="0" tests="1" name="TestCases.transform_hub" time="0.010" errors="0" timestamp="2024-06-12T18:17:01 IST" skipped="0">
  <testcase classname="TestCases.transform_hub" name="sum" time="0.010"/>
</testsuite> <!-- TestCases.transform_hub -->
