<?xml version="1.0" encoding="UTF-8"?>
<!-- Generated by org.testng.reporters.JUnitReportReporter -->
<testsuite hostname="ojas-dd697" failures="0" tests="1" name="TestCases.Login" time="0.508" errors="0" timestamp="2024-09-16T16:59:24 IST" skipped="0">
  <testcase classname="TestCases.Login" name="test" time="0.508"/>
</testsuite> <!-- TestCases.Login -->
