<?xml version="1.0" encoding="UTF-8"?>
<!-- Generated by org.testng.reporters.JUnitReportReporter -->
<testsuite hostname="ojas-dd697" failures="0" tests="1" name="E_domain.Test1" time="44.411" errors="0" timestamp="2024-01-10T14:03:44 IST" skipped="0">
  <testcase classname="E_domain.Test1" name="app" time="44.411"/>
  <system-out/>
</testsuite> <!-- E_domain.Test1 -->
