<?xml version="1.0" encoding="UTF-8"?>
<!-- Generated by org.testng.reporters.JUnitReportReporter -->
<testsuite hostname="ojas-dd697" failures="0" tests="2" name="E_domain.EnterApplicationPage1" time="32.096" errors="0" timestamp="2024-07-09T18:16:41 IST" skipped="0">
  <testcase classname="E_domain.EnterApplicationPage1" name="app" time="16.491"/>
  <system-out/>
  <testcase classname="E_domain.EnterApplicationPage1" name="app1" time="15.605"/>
  <system-out/>
</testsuite> <!-- E_domain.EnterApplicationPage1 -->
