<?xml version="1.0" encoding="UTF-8"?>
<!-- Generated by org.testng.reporters.JUnitReportReporter -->
<testsuite hostname="ojas-dd697" failures="0" tests="1" name="E_domain.EnterApplicationPage2" time="59.551" errors="0" timestamp="2024-07-29T14:50:09 IST" skipped="0">
  <testcase classname="E_domain.EnterApplicationPage2" name="app" time="59.551"/>
  <system-out/>
</testsuite> <!-- E_domain.EnterApplicationPage2 -->
