<?xml version="1.0" encoding="UTF-8"?>
<!-- Generated by org.testng.reporters.JUnitReportReporter -->
<testsuite hostname="ojas-dd697" failures="0" tests="1" name="E_domain.BluLife_Project" time="61.551" errors="0" timestamp="2024-04-26T14:04:48 IST" skipped="0">
  <testcase classname="E_domain.BluLife_Project" name="launch" time="61.551"/>
  <system-out/>
</testsuite> <!-- E_domain.BluLife_Project -->
